<?xml version="1.0" encoding="UTF-8"?>
<!-- Generated by org.testng.reporters.JUnitXMLReporter -->
<testsuite hostname="LAPTOP-MO78ICT9" name="Test" tests="2" failures="0" timestamp="1 Feb 2021 16:57:41 GMT" time="28.226" errors="0">
  <testcase name="seach_Product_By_CommissionRate" time="7.753" classname="com.crm.autodesk.producttest.CreateProduct4"/>
  <testcase name="seach_Product_By_ProductName" time="7.506" classname="com.crm.autodesk.producttest.CreateProduct4"/>
</testsuite> <!-- Test -->
