<?xml version="1.0" encoding="UTF-8"?>
<!-- Generated by org.testng.reporters.JUnitXMLReporter -->
<testsuite hostname="LAPTOP-MO78ICT9" name="Default test" tests="5" failures="0" timestamp="4 Feb 2021 13:27:58 GMT" time="146.386" errors="0">
  <testcase name="seach_Product_By_CommissionRate" time="33.957" classname="com.crm.autodesk.producttest.CreateProduct4"/>
  <testcase name="seach_Product_By_PartNumber" time="17.003" classname="com.crm.autodesk.producttest.CreateProduct4"/>
  <testcase name="seach_Product_By_ProductName" time="14.323" classname="com.crm.autodesk.producttest.CreateProduct4"/>
  <testcase name="seach_Product_By_ProductNo" time="15.573" classname="com.crm.autodesk.producttest.CreateProduct4"/>
  <testcase name="seach_Product_By_QtyInStock" time="15.011" classname="com.crm.autodesk.producttest.CreateProduct4"/>
</testsuite> <!-- Default test -->
