<?xml version="1.0" encoding="UTF-8"?>
<testng-results skipped="0" failed="0" ignored="0" total="1" passed="1">
  <reporter-output>
  </reporter-output>
  <suite name="Default suite" duration-ms="29022" started-at="2021-01-28T10:50:40Z" finished-at="2021-01-28T10:51:09Z">
    <groups>
    </groups>
    <test name="Default test" duration-ms="29022" started-at="2021-01-28T10:50:40Z" finished-at="2021-01-28T10:51:09Z">
      <class name="com.pratice.SampleTest_WithOut_POM">
        <test-method status="PASS" signature="createOrgTest()[pri:0, instance:com.pratice.SampleTest_WithOut_POM@214b199c]" name="createOrgTest" duration-ms="28959" started-at="2021-01-28T10:50:40Z" finished-at="2021-01-28T10:51:09Z">
          <reporter-output>
          </reporter-output>
        </test-method> <!-- createOrgTest -->
      </class> <!-- com.pratice.SampleTest_WithOut_POM -->
    </test> <!-- Default test -->
  </suite> <!-- Default suite -->
</testng-results>
